<?xml version="1.0" encoding="UTF-8"?>
<testsuite name="ChatMessageContentTest" tests="4" skipped="0" failures="0" errors="0" timestamp="2024-08-15T06:32:28" hostname="Use" time="0.007">
  <properties/>
  <testcase name="getFieldModifiers_arePrivate()" classname="ChatMessageContentTest" time="0.001"/>
  <testcase name="getMethods_retrieveClassFields_unchangedSinceConstruction()" classname="ChatMessageContentTest" time="0.002"/>
  <testcase name="getFieldModifiers_areFinal()" classname="ChatMessageContentTest" time="0.0"/>
  <testcase name="getClassModifiers_isFinal()" classname="ChatMessageContentTest" time="0.001"/>
  <system-out><![CDATA[]]></system-out>
  <system-err><![CDATA[]]></system-err>
</testsuite>
