<?xml version="1.0" encoding="UTF-8"?>
<testsuite name="ChatMessageTest" tests="4" skipped="0" failures="0" errors="0" timestamp="2024-08-15T06:32:28" hostname="Use" time="0.032">
  <properties/>
  <testcase name="getFieldModifiers_arePrivate()" classname="ChatMessageTest" time="0.016"/>
  <testcase name="getMethods_retrieveClassFields_unchangedSinceConstruction()" classname="ChatMessageTest" time="0.007"/>
  <testcase name="getFieldModifiers_areFinal()" classname="ChatMessageTest" time="0.004"/>
  <testcase name="getClassModifiers_isFinal()" classname="ChatMessageTest" time="0.001"/>
  <system-out><![CDATA[]]></system-out>
  <system-err><![CDATA[]]></system-err>
</testsuite>
